2020-04-04 00:29:45.821  INFO 15669 --- [restartedMain] c.j.curddemo.SpringJsfApplication        : Starting SpringJsfApplication on LM-MAA-22017622 with PID 15669 (/Users/rajenprasad/workspace/pocs/jsf-spring-boot-integration/src/main/webapp/WEB-INF/classes started by rajenprasad in /Users/rajenprasad/workspace/pocs/jsf-spring-boot-integration)
2020-04-04 00:29:45.823  INFO 15669 --- [restartedMain] c.j.curddemo.SpringJsfApplication        : The following profiles are active: dev
2020-04-04 00:29:45.824  INFO 15669 --- [restartedMain] ConfigServletWebServerApplicationContext : Refreshing org.springframework.boot.web.servlet.context.AnnotationConfigServletWebServerApplicationContext@1ae32d1b: startup date [Sat Apr 04 00:29:45 IST 2020]; root of context hierarchy
2020-04-04 00:29:45.976  INFO 15669 --- [restartedMain] trationDelegate$BeanPostProcessorChecker : Bean 'org.springframework.transaction.annotation.ProxyTransactionManagementConfiguration' of type [org.springframework.transaction.annotation.ProxyTransactionManagementConfiguration$$EnhancerBySpringCGLIB$$4564a46b] is not eligible for getting processed by all BeanPostProcessors (for example: not eligible for auto-proxying)
2020-04-04 00:29:46.003  INFO 15669 --- [restartedMain] o.s.b.w.embedded.tomcat.TomcatWebServer  : Tomcat initialized with port(s): 9091 (http)
2020-04-04 00:29:46.004  INFO 15669 --- [restartedMain] o.apache.catalina.core.StandardService   : Starting service [Tomcat]
2020-04-04 00:29:46.004  INFO 15669 --- [restartedMain] org.apache.catalina.core.StandardEngine  : Starting Servlet Engine: Apache Tomcat/8.5.28
2020-04-04 00:29:46.096  INFO 15669 --- [localhost-startStop-1] org.apache.jasper.servlet.TldScanner     : At least one JAR was scanned for TLDs yet contained no TLDs. Enable debug logging for this logger for a complete list of JARs that were scanned but no TLDs were found in them. Skipping unneeded JARs during scanning can improve startup time and JSP compilation time.
2020-04-04 00:29:46.097  INFO 15669 --- [localhost-startStop-1] o.a.c.c.C.[.[localhost].[/jsfspring]     : Initializing Spring embedded WebApplicationContext
2020-04-04 00:29:46.097  INFO 15669 --- [localhost-startStop-1] o.s.web.context.ContextLoader            : Root WebApplicationContext: initialization completed in 273 ms
2020-04-04 00:29:46.118  INFO 15669 --- [localhost-startStop-1] o.s.b.w.servlet.ServletRegistrationBean  : Servlet facesServlet mapped to [*.xhtml]
2020-04-04 00:29:46.119  INFO 15669 --- [localhost-startStop-1] o.s.b.w.servlet.ServletRegistrationBean  : Servlet dispatcherServlet mapped to [/]
2020-04-04 00:29:46.119  INFO 15669 --- [localhost-startStop-1] o.s.b.w.servlet.ServletRegistrationBean  : Servlet webServlet mapped to [/h2/*]
2020-04-04 00:29:46.119  INFO 15669 --- [localhost-startStop-1] o.s.b.w.servlet.FilterRegistrationBean   : Mapping filter: 'characterEncodingFilter' to: [/*]
2020-04-04 00:29:46.119  INFO 15669 --- [localhost-startStop-1] o.s.b.w.servlet.FilterRegistrationBean   : Mapping filter: 'hiddenHttpMethodFilter' to: [/*]
2020-04-04 00:29:46.119  INFO 15669 --- [localhost-startStop-1] o.s.b.w.servlet.FilterRegistrationBean   : Mapping filter: 'httpPutFormContentFilter' to: [/*]
2020-04-04 00:29:46.119  INFO 15669 --- [localhost-startStop-1] o.s.b.w.servlet.FilterRegistrationBean   : Mapping filter: 'requestContextFilter' to: [/*]
2020-04-04 00:29:46.121  INFO 15669 --- [localhost-startStop-1] j.e.resource.webcontainer.jsf.config     : Initializing Mojarra 2.2.9 (-SNAPSHOT 20141218-0939 https://svn.java.net/svn/mojarra~svn/tags/2.2.9@14083) for context '/jsfspring'
2020-04-04 00:29:46.181  INFO 15669 --- [localhost-startStop-1] j.e.r.webcontainer.jsf.application       : JSF1048: PostConstruct/PreDestroy annotations present.  ManagedBeans methods marked with these annotations will have said annotations processed.
2020-04-04 00:29:46.183 ERROR 15669 --- [localhost-startStop-1] j.e.resource.webcontainer.jsf.config     : Unknow type constant pool 18 at position 50
2020-04-04 00:29:46.183 ERROR 15669 --- [localhost-startStop-1] j.e.resource.webcontainer.jsf.config     : Unknow type constant pool 0 at position 51
2020-04-04 00:29:46.183 ERROR 15669 --- [localhost-startStop-1] j.e.resource.webcontainer.jsf.config     : Unknow type constant pool 0 at position 52
2020-04-04 00:29:46.183 ERROR 15669 --- [localhost-startStop-1] j.e.resource.webcontainer.jsf.config     : Unknow type constant pool 0 at position 53
2020-04-04 00:29:46.183 ERROR 15669 --- [localhost-startStop-1] j.e.resource.webcontainer.jsf.config     : Unknow type constant pool 48 at position 54
2020-04-04 00:29:46.183 ERROR 15669 --- [localhost-startStop-1] j.e.resource.webcontainer.jsf.config     : Unknow type constant pool 15 at position 106
2020-04-04 00:29:46.183 ERROR 15669 --- [localhost-startStop-1] j.e.resource.webcontainer.jsf.config     : Unknow type constant pool 0 at position 109
2020-04-04 00:29:46.183 ERROR 15669 --- [localhost-startStop-1] j.e.resource.webcontainer.jsf.config     : Unknow type constant pool 105 at position 110
2020-04-04 00:29:46.183 ERROR 15669 --- [localhost-startStop-1] j.e.resource.webcontainer.jsf.config     : Unknow type constant pool 15 at position 112
2020-04-04 00:29:46.189 ERROR 15669 --- [localhost-startStop-1] j.e.resource.webcontainer.jsf.config     : Unknow type constant pool 18 at position 112
2020-04-04 00:29:46.189 ERROR 15669 --- [localhost-startStop-1] j.e.resource.webcontainer.jsf.config     : Unknow type constant pool 0 at position 113
2020-04-04 00:29:46.189 ERROR 15669 --- [localhost-startStop-1] j.e.resource.webcontainer.jsf.config     : Unknow type constant pool 0 at position 114
2020-04-04 00:29:46.189 ERROR 15669 --- [localhost-startStop-1] j.e.resource.webcontainer.jsf.config     : Unknow type constant pool 0 at position 115
2020-04-04 00:29:46.189 ERROR 15669 --- [localhost-startStop-1] j.e.resource.webcontainer.jsf.config     : Unknow type constant pool 109 at position 116
2020-04-04 00:29:46.190 ERROR 15669 --- [localhost-startStop-1] j.e.resource.webcontainer.jsf.config     : Unknow type constant pool 15 at position 228
2020-04-04 00:29:46.190 ERROR 15669 --- [localhost-startStop-1] j.e.resource.webcontainer.jsf.config     : Unknow type constant pool 97 at position 231
2020-04-04 00:29:46.190 ERROR 15669 --- [localhost-startStop-1] j.e.resource.webcontainer.jsf.config     : Unknow type constant pool 118 at position 232
2020-04-04 00:29:46.190 ERROR 15669 --- [localhost-startStop-1] j.e.resource.webcontainer.jsf.config     : Unknow type constant pool 97 at position 233
2020-04-04 00:29:46.190 ERROR 15669 --- [localhost-startStop-1] j.e.resource.webcontainer.jsf.config     : Unknow type constant pool 47 at position 234
2020-04-04 00:29:46.190 ERROR 15669 --- [localhost-startStop-1] j.e.resource.webcontainer.jsf.config     : Unknow type constant pool 108 at position 235
2020-04-04 00:29:46.190 ERROR 15669 --- [localhost-startStop-1] j.e.resource.webcontainer.jsf.config     : Unknow type constant pool 97 at position 236
2020-04-04 00:29:46.193 ERROR 15669 --- [localhost-startStop-1] j.e.resource.webcontainer.jsf.config     : Unknow type constant pool 18 at position 135
2020-04-04 00:29:46.193 ERROR 15669 --- [localhost-startStop-1] j.e.resource.webcontainer.jsf.config     : Unknow type constant pool 0 at position 136
2020-04-04 00:29:46.193 ERROR 15669 --- [localhost-startStop-1] j.e.resource.webcontainer.jsf.config     : Unknow type constant pool 0 at position 137
2020-04-04 00:29:46.193 ERROR 15669 --- [localhost-startStop-1] j.e.resource.webcontainer.jsf.config     : Unknow type constant pool 0 at position 138
2020-04-04 00:29:46.193 ERROR 15669 --- [localhost-startStop-1] j.e.resource.webcontainer.jsf.config     : Unknow type constant pool -124 at position 139
2020-04-04 00:29:46.193 ERROR 15669 --- [localhost-startStop-1] j.e.resource.webcontainer.jsf.config     : Unknow type constant pool 15 at position 271
2020-04-04 00:29:46.193 ERROR 15669 --- [localhost-startStop-1] j.e.resource.webcontainer.jsf.config     : Unknow type constant pool 97 at position 274
2020-04-04 00:29:46.193 ERROR 15669 --- [localhost-startStop-1] j.e.resource.webcontainer.jsf.config     : Unknow type constant pool 118 at position 275
2020-04-04 00:29:46.193 ERROR 15669 --- [localhost-startStop-1] j.e.resource.webcontainer.jsf.config     : Unknow type constant pool 97 at position 276
2020-04-04 00:29:46.193 ERROR 15669 --- [localhost-startStop-1] j.e.resource.webcontainer.jsf.config     : Unknow type constant pool 47 at position 277
2020-04-04 00:29:46.193 ERROR 15669 --- [localhost-startStop-1] j.e.resource.webcontainer.jsf.config     : Unknow type constant pool 108 at position 278
2020-04-04 00:29:46.193 ERROR 15669 --- [localhost-startStop-1] j.e.resource.webcontainer.jsf.config     : Unknow type constant pool 97 at position 279
2020-04-04 00:29:46.196 ERROR 15669 --- [localhost-startStop-1] j.e.resource.webcontainer.jsf.config     : Unknow type constant pool 18 at position 37
2020-04-04 00:29:46.196 ERROR 15669 --- [localhost-startStop-1] j.e.resource.webcontainer.jsf.config     : Unknow type constant pool 0 at position 38
2020-04-04 00:29:46.196 ERROR 15669 --- [localhost-startStop-1] j.e.resource.webcontainer.jsf.config     : Unknow type constant pool 0 at position 39
2020-04-04 00:29:46.196 ERROR 15669 --- [localhost-startStop-1] j.e.resource.webcontainer.jsf.config     : Unknow type constant pool 0 at position 40
2020-04-04 00:29:46.196 ERROR 15669 --- [localhost-startStop-1] j.e.resource.webcontainer.jsf.config     : Unknow type constant pool 34 at position 41
2020-04-04 00:29:46.196 ERROR 15669 --- [localhost-startStop-1] j.e.resource.webcontainer.jsf.config     : Unknow type constant pool 15 at position 121
2020-04-04 00:29:46.196 ERROR 15669 --- [localhost-startStop-1] j.e.resource.webcontainer.jsf.config     : Unknow type constant pool 97 at position 124
2020-04-04 00:29:46.196 ERROR 15669 --- [localhost-startStop-1] j.e.resource.webcontainer.jsf.config     : Unknow type constant pool 118 at position 125
2020-04-04 00:29:46.196 ERROR 15669 --- [localhost-startStop-1] j.e.resource.webcontainer.jsf.config     : Unknow type constant pool 97 at position 126
2020-04-04 00:29:46.196 ERROR 15669 --- [localhost-startStop-1] j.e.resource.webcontainer.jsf.config     : Unknow type constant pool 47 at position 127
2020-04-04 00:29:46.196 ERROR 15669 --- [localhost-startStop-1] j.e.resource.webcontainer.jsf.config     : Unknow type constant pool 108 at position 128
2020-04-04 00:29:46.196 ERROR 15669 --- [localhost-startStop-1] j.e.resource.webcontainer.jsf.config     : Unknow type constant pool 97 at position 129
2020-04-04 00:29:46.196 ERROR 15669 --- [localhost-startStop-1] j.e.resource.webcontainer.jsf.config     : Unknow type constant pool 110 at position 130
2020-04-04 00:29:46.196 ERROR 15669 --- [localhost-startStop-1] j.e.resource.webcontainer.jsf.config     : Unknow type constant pool 18 at position 112
2020-04-04 00:29:46.197 ERROR 15669 --- [localhost-startStop-1] j.e.resource.webcontainer.jsf.config     : Unknow type constant pool 0 at position 113
2020-04-04 00:29:46.197 ERROR 15669 --- [localhost-startStop-1] j.e.resource.webcontainer.jsf.config     : Unknow type constant pool 0 at position 114
2020-04-04 00:29:46.197 ERROR 15669 --- [localhost-startStop-1] j.e.resource.webcontainer.jsf.config     : Unknow type constant pool 0 at position 115
2020-04-04 00:29:46.197 ERROR 15669 --- [localhost-startStop-1] j.e.resource.webcontainer.jsf.config     : Unknow type constant pool 109 at position 116
2020-04-04 00:29:46.197 ERROR 15669 --- [localhost-startStop-1] j.e.resource.webcontainer.jsf.config     : Unknow type constant pool 15 at position 169
2020-04-04 00:29:46.197 ERROR 15669 --- [localhost-startStop-1] j.e.resource.webcontainer.jsf.config     : Unknow type constant pool 0 at position 172
2020-04-04 00:29:46.197 ERROR 15669 --- [localhost-startStop-1] j.e.resource.webcontainer.jsf.config     : Unknow type constant pool -88 at position 173
2020-04-04 00:29:46.197 ERROR 15669 --- [localhost-startStop-1] j.e.resource.webcontainer.jsf.config     : Unknow type constant pool 15 at position 175
2020-04-04 00:29:46.324  INFO 15669 --- [localhost-startStop-1] unknown.jul.logger                       : RewritePhaseListener starting up.
